<?xml version="1.0" encoding="UTF-8"?>
<!-- Generated by org.testng.reporters.JUnitReportReporter -->
<testsuite skipped="0" hostname="LAPTOP-LS8LQ9P5" name="com.test.testng.TestNGSimple" tests="1" failures="0" timestamp="16 Sep 2020 23:48:11 GMT" time="5.566" errors="0">
  <testcase name="openMyBlog" time="5.566" classname="com.test.testng.TestNGSimple"/>
</testsuite> <!-- com.test.testng.TestNGSimple -->
