<?xml version="1.0" encoding="UTF-8"?>
<!-- Generated by org.testng.reporters.JUnitReportReporter -->
<testsuite hostname="DESKTOP-71GM2HV" failures="0" tests="2" name="com.project1.LogoTest" time="8.418" errors="0" timestamp="2022-03-15T21:25:11 ADT" skipped="0">
  <testcase classname="com.project1.LogoTest" name="homePageTitle" time="4.107"/>
  <system-out/>
  <testcase classname="com.project1.LogoTest" name="logoTest" time="4.311"/>
  <system-out/>
</testsuite> <!-- com.project1.LogoTest -->
