<?xml version="1.0" encoding="UTF-8"?>
<!-- Generated by org.testng.reporters.JUnitReportReporter -->
<testsuite hostname="DESKTOP-71GM2HV" failures="0" tests="1" name="com.project1.Test2_Google_Search" time="7.459" errors="0" timestamp="2022-03-17T20:04:06 ADT" skipped="0">
  <testcase classname="com.project1.Test2_Google_Search" name="test_by_name" time="7.459"/>
  <system-out/>
</testsuite> <!-- com.project1.Test2_Google_Search -->
