<?xml version="1.0" encoding="UTF-8"?>
<!-- Generated by org.testng.reporters.JUnitReportReporter -->
<testsuite hostname="DESKTOP-71GM2HV" failures="0" tests="1" name="selenium.PageSearchByPage" time="11.784" errors="0" timestamp="2022-03-29T19:05:39 ADT" skipped="0">
  <testcase classname="selenium.PageSearchByPage" name="test" time="11.784"/>
  <system-out/>
</testsuite> <!-- selenium.PageSearchByPage -->
