<?xml version="1.0" encoding="UTF-8"?>
<!-- Generated by org.testng.reporters.JUnitReportReporter -->
<testsuite hostname="DESKTOP-71GM2HV" failures="0" tests="1" name="selenium.SimpleAlert" time="6.239" errors="0" timestamp="2022-03-22T21:49:46 ADT" skipped="0">
  <testcase classname="selenium.SimpleAlert" name="test" time="6.239"/>
  <system-out/>
</testsuite> <!-- selenium.SimpleAlert -->
