<?xml version="1.0" encoding="UTF-8"?>
<!-- Generated by org.testng.reporters.JUnitReportReporter -->
<testsuite hostname="DESKTOP-71GM2HV" failures="0" tests="1" name="com.project1.Amazon" time="27.763" errors="0" timestamp="2022-03-17T21:59:46 ADT" skipped="0">
  <testcase classname="com.project1.Amazon" name="amazon" time="27.763"/>
  <system-out/>
</testsuite> <!-- com.project1.Amazon -->
