<?xml version="1.0" encoding="UTF-8"?>
<!-- Generated by org.testng.reporters.JUnitReportReporter -->
<testsuite hostname="DESKTOP-71GM2HV" failures="0" tests="1" name="com.project1.Browser_Commands" time="5.784" errors="0" timestamp="2022-03-18T19:02:25 ADT" skipped="0">
  <testcase classname="com.project1.Browser_Commands" name="title" time="5.784"/>
  <system-out/>
</testsuite> <!-- com.project1.Browser_Commands -->
