<?xml version="1.0" encoding="UTF-8"?>
<!-- Generated by org.testng.reporters.JUnitReportReporter -->
<testsuite hostname="DESKTOP-71GM2HV" failures="0" tests="1" name="selenium.Test2_Google_Search" time="8.323" errors="0" timestamp="2022-03-27T21:26:15 ADT" skipped="0">
  <testcase classname="selenium.Test2_Google_Search" name="test_by_name" time="8.323"/>
  <system-out/>
</testsuite> <!-- selenium.Test2_Google_Search -->
