<?xml version="1.0" encoding="UTF-8"?>
<!-- Generated by org.testng.reporters.JUnitReportReporter -->
<testsuite hostname="DESKTOP-71GM2HV" failures="0" tests="1" name="com.project1.Test2_Google" time="7.950" errors="0" timestamp="2022-03-17T19:28:06 ADT" skipped="0">
  <testcase classname="com.project1.Test2_Google" name="test_by_name" time="7.950"/>
  <system-out/>
</testsuite> <!-- com.project1.Test2_Google -->
