<?xml version="1.0" encoding="UTF-8"?>
<!-- Generated by org.testng.reporters.JUnitReportReporter -->
<testsuite hostname="DESKTOP-71GM2HV" failures="0" tests="1" name="selenium.NavigationTest" time="2.489" errors="0" timestamp="2022-03-22T19:01:27 ADT" skipped="0">
  <testcase classname="selenium.NavigationTest" name="logoTest" time="2.489"/>
  <system-out/>
</testsuite> <!-- selenium.NavigationTest -->
