<?xml version="1.0" encoding="UTF-8"?>
<!-- Generated by org.testng.reporters.JUnitReportReporter -->
<testsuite hostname="DESKTOP-71GM2HV" failures="0" tests="1" name="com.project1.Test1Test" time="43.117" errors="0" timestamp="2022-03-15T21:30:51 ADT" skipped="0">
  <testcase classname="com.project1.Test1Test" name="test1" time="43.117"/>
  <system-out/>
</testsuite> <!-- com.project1.Test1Test -->
