<?xml version="1.0" encoding="UTF-8"?>
<!-- Generated by org.testng.reporters.JUnitReportReporter -->
<testsuite hostname="DESKTOP-71GM2HV" failures="0" tests="1" name="selenium.MultipleWindowHandling" time="5.405" errors="0" timestamp="2022-03-22T21:37:21 ADT" skipped="0">
  <testcase classname="selenium.MultipleWindowHandling" name="logoTest" time="5.405"/>
  <system-out/>
</testsuite> <!-- selenium.MultipleWindowHandling -->
