<?xml version="1.0" encoding="UTF-8"?>
<!-- Generated by org.testng.reporters.JUnitReportReporter -->
<testsuite hostname="DESKTOP-71GM2HV" failures="0" tests="1" name="selenium.GoogleSearchPageObject" time="10.291" errors="0" timestamp="2022-03-28T18:38:54 ADT" skipped="0">
  <testcase classname="selenium.GoogleSearchPageObject" name="test" time="10.291"/>
  <system-out/>
</testsuite> <!-- selenium.GoogleSearchPageObject -->
