<?xml version="1.0" encoding="UTF-8"?>
<!-- Generated by org.testng.reporters.JUnitReportReporter -->
<testsuite hostname="DESKTOP-71GM2HV" failures="0" tests="1" name="selenium.HeadlessDriver" time="6.004" errors="0" timestamp="2022-03-20T20:04:03 ADT" skipped="0">
  <testcase classname="selenium.HeadlessDriver" name="test_by_name" time="6.004"/>
  <system-out/>
</testsuite> <!-- selenium.HeadlessDriver -->
