<?xml version="1.0" encoding="UTF-8"?>
<!-- Generated by org.testng.reporters.JUnitReportReporter -->
<testsuite hostname="DESKTOP-71GM2HV" failures="0" tests="1" name="com.project1.Test3_Javatpoint_search" time="10.916" errors="0" timestamp="2022-03-17T20:11:25 ADT" skipped="0">
  <testcase classname="com.project1.Test3_Javatpoint_search" name="test_by_name" time="10.916"/>
  <system-out/>
</testsuite> <!-- com.project1.Test3_Javatpoint_search -->
